<?xml version="1.0" encoding="UTF-8"?>
<testsuite xmlns:xsi="http://www.w3.org/2001/XMLSchema-instance" xsi:noNamespaceSchemaLocation="https://maven.apache.org/surefire/maven-surefire-plugin/xsd/surefire-test-report.xsd" name="com.myitem.middleware.mybatis.boot.test.ApiTest" time="5.245" tests="1" errors="0" skipped="0" failures="0">
  <properties>
    <property name="sun.desktop" value="windows"/>
    <property name="awt.toolkit" value="sun.awt.windows.WToolkit"/>
    <property name="file.encoding.pkg" value="sun.io"/>
    <property name="java.specification.version" value="1.8"/>
    <property name="sun.cpu.isalist" value="amd64"/>
    <property name="sun.jnu.encoding" value="GBK"/>
    <property name="java.class.path" value="D:\IdeaWorkspace\middleware\mybatis-spring-boot-starter-test\target\test-classes;D:\IdeaWorkspace\middleware\mybatis-spring-boot-starter-test\target\classes;D:\apache-maven-3.5.2\maven\repository\org\springframework\boot\spring-boot-starter\2.3.5.RELEASE\spring-boot-starter-2.3.5.RELEASE.jar;D:\apache-maven-3.5.2\maven\repository\org\springframework\boot\spring-boot\2.3.5.RELEASE\spring-boot-2.3.5.RELEASE.jar;D:\apache-maven-3.5.2\maven\repository\org\springframework\spring-context\5.2.10.RELEASE\spring-context-5.2.10.RELEASE.jar;D:\apache-maven-3.5.2\maven\repository\org\springframework\boot\spring-boot-starter-logging\2.3.5.RELEASE\spring-boot-starter-logging-2.3.5.RELEASE.jar;D:\apache-maven-3.5.2\maven\repository\ch\qos\logback\logback-classic\1.2.3\logback-classic-1.2.3.jar;D:\apache-maven-3.5.2\maven\repository\ch\qos\logback\logback-core\1.2.3\logback-core-1.2.3.jar;D:\apache-maven-3.5.2\maven\repository\org\apache\logging\log4j\log4j-to-slf4j\2.13.3\log4j-to-slf4j-2.13.3.jar;D:\apache-maven-3.5.2\maven\repository\org\apache\logging\log4j\log4j-api\2.13.3\log4j-api-2.13.3.jar;D:\apache-maven-3.5.2\maven\repository\org\slf4j\jul-to-slf4j\1.7.30\jul-to-slf4j-1.7.30.jar;D:\apache-maven-3.5.2\maven\repository\jakarta\annotation\jakarta.annotation-api\1.3.5\jakarta.annotation-api-1.3.5.jar;D:\apache-maven-3.5.2\maven\repository\org\springframework\spring-core\5.2.10.RELEASE\spring-core-5.2.10.RELEASE.jar;D:\apache-maven-3.5.2\maven\repository\org\springframework\spring-jcl\5.2.10.RELEASE\spring-jcl-5.2.10.RELEASE.jar;D:\apache-maven-3.5.2\maven\repository\org\yaml\snakeyaml\1.26\snakeyaml-1.26.jar;D:\apache-maven-3.5.2\maven\repository\org\springframework\boot\spring-boot-configuration-processor\2.3.5.RELEASE\spring-boot-configuration-processor-2.3.5.RELEASE.jar;D:\apache-maven-3.5.2\maven\repository\org\springframework\boot\spring-boot-autoconfigure\2.3.5.RELEASE\spring-boot-autoconfigure-2.3.5.RELEASE.jar;D:\apache-maven-3.5.2\maven\repository\org\springframework\boot\spring-boot-starter-aop\2.3.5.RELEASE\spring-boot-starter-aop-2.3.5.RELEASE.jar;D:\apache-maven-3.5.2\maven\repository\org\springframework\spring-aop\5.2.10.RELEASE\spring-aop-5.2.10.RELEASE.jar;D:\apache-maven-3.5.2\maven\repository\org\springframework\spring-beans\5.2.10.RELEASE\spring-beans-5.2.10.RELEASE.jar;D:\apache-maven-3.5.2\maven\repository\org\aspectj\aspectjweaver\1.9.6\aspectjweaver-1.9.6.jar;D:\apache-maven-3.5.2\maven\repository\org\springframework\boot\spring-boot-starter-web\2.3.5.RELEASE\spring-boot-starter-web-2.3.5.RELEASE.jar;D:\apache-maven-3.5.2\maven\repository\org\springframework\boot\spring-boot-starter-json\2.3.5.RELEASE\spring-boot-starter-json-2.3.5.RELEASE.jar;D:\apache-maven-3.5.2\maven\repository\com\fasterxml\jackson\core\jackson-databind\2.11.3\jackson-databind-2.11.3.jar;D:\apache-maven-3.5.2\maven\repository\com\fasterxml\jackson\core\jackson-annotations\2.11.3\jackson-annotations-2.11.3.jar;D:\apache-maven-3.5.2\maven\repository\com\fasterxml\jackson\core\jackson-core\2.11.3\jackson-core-2.11.3.jar;D:\apache-maven-3.5.2\maven\repository\com\fasterxml\jackson\datatype\jackson-datatype-jdk8\2.11.3\jackson-datatype-jdk8-2.11.3.jar;D:\apache-maven-3.5.2\maven\repository\com\fasterxml\jackson\datatype\jackson-datatype-jsr310\2.11.3\jackson-datatype-jsr310-2.11.3.jar;D:\apache-maven-3.5.2\maven\repository\com\fasterxml\jackson\module\jackson-module-parameter-names\2.11.3\jackson-module-parameter-names-2.11.3.jar;D:\apache-maven-3.5.2\maven\repository\org\springframework\boot\spring-boot-starter-tomcat\2.3.5.RELEASE\spring-boot-starter-tomcat-2.3.5.RELEASE.jar;D:\apache-maven-3.5.2\maven\repository\org\apache\tomcat\embed\tomcat-embed-core\9.0.39\tomcat-embed-core-9.0.39.jar;D:\apache-maven-3.5.2\maven\repository\org\glassfish\jakarta.el\3.0.3\jakarta.el-3.0.3.jar;D:\apache-maven-3.5.2\maven\repository\org\apache\tomcat\embed\tomcat-embed-websocket\9.0.39\tomcat-embed-websocket-9.0.39.jar;D:\apache-maven-3.5.2\maven\repository\org\springframework\spring-web\5.2.10.RELEASE\spring-web-5.2.10.RELEASE.jar;D:\apache-maven-3.5.2\maven\repository\org\springframework\spring-webmvc\5.2.10.RELEASE\spring-webmvc-5.2.10.RELEASE.jar;D:\apache-maven-3.5.2\maven\repository\org\springframework\spring-expression\5.2.10.RELEASE\spring-expression-5.2.10.RELEASE.jar;D:\apache-maven-3.5.2\maven\repository\org\springframework\boot\spring-boot-starter-test\2.3.5.RELEASE\spring-boot-starter-test-2.3.5.RELEASE.jar;D:\apache-maven-3.5.2\maven\repository\org\springframework\boot\spring-boot-test\2.3.5.RELEASE\spring-boot-test-2.3.5.RELEASE.jar;D:\apache-maven-3.5.2\maven\repository\org\springframework\boot\spring-boot-test-autoconfigure\2.3.5.RELEASE\spring-boot-test-autoconfigure-2.3.5.RELEASE.jar;D:\apache-maven-3.5.2\maven\repository\com\jayway\jsonpath\json-path\2.4.0\json-path-2.4.0.jar;D:\apache-maven-3.5.2\maven\repository\net\minidev\json-smart\2.3\json-smart-2.3.jar;D:\apache-maven-3.5.2\maven\repository\net\minidev\accessors-smart\1.2\accessors-smart-1.2.jar;D:\apache-maven-3.5.2\maven\repository\org\ow2\asm\asm\5.0.4\asm-5.0.4.jar;D:\apache-maven-3.5.2\maven\repository\org\slf4j\slf4j-api\1.7.30\slf4j-api-1.7.30.jar;D:\apache-maven-3.5.2\maven\repository\jakarta\xml\bind\jakarta.xml.bind-api\2.3.3\jakarta.xml.bind-api-2.3.3.jar;D:\apache-maven-3.5.2\maven\repository\jakarta\activation\jakarta.activation-api\1.2.2\jakarta.activation-api-1.2.2.jar;D:\apache-maven-3.5.2\maven\repository\org\assertj\assertj-core\3.16.1\assertj-core-3.16.1.jar;D:\apache-maven-3.5.2\maven\repository\org\hamcrest\hamcrest\2.2\hamcrest-2.2.jar;D:\apache-maven-3.5.2\maven\repository\org\junit\jupiter\junit-jupiter\5.6.3\junit-jupiter-5.6.3.jar;D:\apache-maven-3.5.2\maven\repository\org\junit\jupiter\junit-jupiter-api\5.6.3\junit-jupiter-api-5.6.3.jar;D:\apache-maven-3.5.2\maven\repository\org\opentest4j\opentest4j\1.2.0\opentest4j-1.2.0.jar;D:\apache-maven-3.5.2\maven\repository\org\junit\platform\junit-platform-commons\1.6.3\junit-platform-commons-1.6.3.jar;D:\apache-maven-3.5.2\maven\repository\org\junit\jupiter\junit-jupiter-params\5.6.3\junit-jupiter-params-5.6.3.jar;D:\apache-maven-3.5.2\maven\repository\org\junit\jupiter\junit-jupiter-engine\5.6.3\junit-jupiter-engine-5.6.3.jar;D:\apache-maven-3.5.2\maven\repository\org\junit\vintage\junit-vintage-engine\5.6.3\junit-vintage-engine-5.6.3.jar;D:\apache-maven-3.5.2\maven\repository\org\apiguardian\apiguardian-api\1.1.0\apiguardian-api-1.1.0.jar;D:\apache-maven-3.5.2\maven\repository\org\junit\platform\junit-platform-engine\1.6.3\junit-platform-engine-1.6.3.jar;D:\apache-maven-3.5.2\maven\repository\org\mockito\mockito-core\3.3.3\mockito-core-3.3.3.jar;D:\apache-maven-3.5.2\maven\repository\net\bytebuddy\byte-buddy\1.10.17\byte-buddy-1.10.17.jar;D:\apache-maven-3.5.2\maven\repository\net\bytebuddy\byte-buddy-agent\1.10.17\byte-buddy-agent-1.10.17.jar;D:\apache-maven-3.5.2\maven\repository\org\objenesis\objenesis\2.6\objenesis-2.6.jar;D:\apache-maven-3.5.2\maven\repository\org\mockito\mockito-junit-jupiter\3.3.3\mockito-junit-jupiter-3.3.3.jar;D:\apache-maven-3.5.2\maven\repository\org\skyscreamer\jsonassert\1.5.0\jsonassert-1.5.0.jar;D:\apache-maven-3.5.2\maven\repository\com\vaadin\external\google\android-json\0.0.20131108.vaadin1\android-json-0.0.20131108.vaadin1.jar;D:\apache-maven-3.5.2\maven\repository\org\springframework\spring-test\5.2.10.RELEASE\spring-test-5.2.10.RELEASE.jar;D:\apache-maven-3.5.2\maven\repository\org\xmlunit\xmlunit-core\2.7.0\xmlunit-core-2.7.0.jar;D:\apache-maven-3.5.2\maven\repository\mysql\mysql-connector-java\8.0.15\mysql-connector-java-8.0.15.jar;D:\apache-maven-3.5.2\maven\repository\org\example\mybatis-spring-boot-starter\1.0-SNAPSHOT\mybatis-spring-boot-starter-1.0-SNAPSHOT.jar;D:\apache-maven-3.5.2\maven\repository\dom4j\dom4j\1.6.1\dom4j-1.6.1.jar;D:\apache-maven-3.5.2\maven\repository\xml-apis\xml-apis\1.0.b2\xml-apis-1.0.b2.jar;D:\apache-maven-3.5.2\maven\repository\jaxen\jaxen\1.2.0\jaxen-1.2.0.jar;D:\apache-maven-3.5.2\maven\repository\commons-beanutils\commons-beanutils\1.8.3\commons-beanutils-1.8.3.jar;D:\apache-maven-3.5.2\maven\repository\commons-logging\commons-logging\1.1.1\commons-logging-1.1.1.jar;D:\apache-maven-3.5.2\maven\repository\com\alibaba\fastjson\1.2.75\fastjson-1.2.75.jar;D:\apache-maven-3.5.2\maven\repository\junit\junit\4.12\junit-4.12.jar;D:\apache-maven-3.5.2\maven\repository\org\hamcrest\hamcrest-core\2.2\hamcrest-core-2.2.jar;"/>
    <property name="java.vm.vendor" value="Oracle Corporation"/>
    <property name="sun.arch.data.model" value="64"/>
    <property name="user.variant" value=""/>
    <property name="java.vendor.url" value="http://java.oracle.com/"/>
    <property name="user.timezone" value="Asia/Shanghai"/>
    <property name="java.vm.specification.version" value="1.8"/>
    <property name="os.name" value="Windows 10"/>
    <property name="user.country" value="CN"/>
    <property name="sun.java.launcher" value="SUN_STANDARD"/>
    <property name="sun.boot.library.path" value="C:\Program Files\Java\jdk1.8.0_161\jre\bin"/>
    <property name="sun.java.command" value="C:\Users\admin\AppData\Local\Temp\surefire7278565550175582706\surefirebooter6443970453424158704.jar C:\Users\admin\AppData\Local\Temp\surefire7278565550175582706 2022-02-23T12-09-01_400-jvmRun1 surefire5882158248915704675tmp surefire_05388482086198747937tmp"/>
    <property name="surefire.test.class.path" value="D:\IdeaWorkspace\middleware\mybatis-spring-boot-starter-test\target\test-classes;D:\IdeaWorkspace\middleware\mybatis-spring-boot-starter-test\target\classes;D:\apache-maven-3.5.2\maven\repository\org\springframework\boot\spring-boot-starter\2.3.5.RELEASE\spring-boot-starter-2.3.5.RELEASE.jar;D:\apache-maven-3.5.2\maven\repository\org\springframework\boot\spring-boot\2.3.5.RELEASE\spring-boot-2.3.5.RELEASE.jar;D:\apache-maven-3.5.2\maven\repository\org\springframework\spring-context\5.2.10.RELEASE\spring-context-5.2.10.RELEASE.jar;D:\apache-maven-3.5.2\maven\repository\org\springframework\boot\spring-boot-starter-logging\2.3.5.RELEASE\spring-boot-starter-logging-2.3.5.RELEASE.jar;D:\apache-maven-3.5.2\maven\repository\ch\qos\logback\logback-classic\1.2.3\logback-classic-1.2.3.jar;D:\apache-maven-3.5.2\maven\repository\ch\qos\logback\logback-core\1.2.3\logback-core-1.2.3.jar;D:\apache-maven-3.5.2\maven\repository\org\apache\logging\log4j\log4j-to-slf4j\2.13.3\log4j-to-slf4j-2.13.3.jar;D:\apache-maven-3.5.2\maven\repository\org\apache\logging\log4j\log4j-api\2.13.3\log4j-api-2.13.3.jar;D:\apache-maven-3.5.2\maven\repository\org\slf4j\jul-to-slf4j\1.7.30\jul-to-slf4j-1.7.30.jar;D:\apache-maven-3.5.2\maven\repository\jakarta\annotation\jakarta.annotation-api\1.3.5\jakarta.annotation-api-1.3.5.jar;D:\apache-maven-3.5.2\maven\repository\org\springframework\spring-core\5.2.10.RELEASE\spring-core-5.2.10.RELEASE.jar;D:\apache-maven-3.5.2\maven\repository\org\springframework\spring-jcl\5.2.10.RELEASE\spring-jcl-5.2.10.RELEASE.jar;D:\apache-maven-3.5.2\maven\repository\org\yaml\snakeyaml\1.26\snakeyaml-1.26.jar;D:\apache-maven-3.5.2\maven\repository\org\springframework\boot\spring-boot-configuration-processor\2.3.5.RELEASE\spring-boot-configuration-processor-2.3.5.RELEASE.jar;D:\apache-maven-3.5.2\maven\repository\org\springframework\boot\spring-boot-autoconfigure\2.3.5.RELEASE\spring-boot-autoconfigure-2.3.5.RELEASE.jar;D:\apache-maven-3.5.2\maven\repository\org\springframework\boot\spring-boot-starter-aop\2.3.5.RELEASE\spring-boot-starter-aop-2.3.5.RELEASE.jar;D:\apache-maven-3.5.2\maven\repository\org\springframework\spring-aop\5.2.10.RELEASE\spring-aop-5.2.10.RELEASE.jar;D:\apache-maven-3.5.2\maven\repository\org\springframework\spring-beans\5.2.10.RELEASE\spring-beans-5.2.10.RELEASE.jar;D:\apache-maven-3.5.2\maven\repository\org\aspectj\aspectjweaver\1.9.6\aspectjweaver-1.9.6.jar;D:\apache-maven-3.5.2\maven\repository\org\springframework\boot\spring-boot-starter-web\2.3.5.RELEASE\spring-boot-starter-web-2.3.5.RELEASE.jar;D:\apache-maven-3.5.2\maven\repository\org\springframework\boot\spring-boot-starter-json\2.3.5.RELEASE\spring-boot-starter-json-2.3.5.RELEASE.jar;D:\apache-maven-3.5.2\maven\repository\com\fasterxml\jackson\core\jackson-databind\2.11.3\jackson-databind-2.11.3.jar;D:\apache-maven-3.5.2\maven\repository\com\fasterxml\jackson\core\jackson-annotations\2.11.3\jackson-annotations-2.11.3.jar;D:\apache-maven-3.5.2\maven\repository\com\fasterxml\jackson\core\jackson-core\2.11.3\jackson-core-2.11.3.jar;D:\apache-maven-3.5.2\maven\repository\com\fasterxml\jackson\datatype\jackson-datatype-jdk8\2.11.3\jackson-datatype-jdk8-2.11.3.jar;D:\apache-maven-3.5.2\maven\repository\com\fasterxml\jackson\datatype\jackson-datatype-jsr310\2.11.3\jackson-datatype-jsr310-2.11.3.jar;D:\apache-maven-3.5.2\maven\repository\com\fasterxml\jackson\module\jackson-module-parameter-names\2.11.3\jackson-module-parameter-names-2.11.3.jar;D:\apache-maven-3.5.2\maven\repository\org\springframework\boot\spring-boot-starter-tomcat\2.3.5.RELEASE\spring-boot-starter-tomcat-2.3.5.RELEASE.jar;D:\apache-maven-3.5.2\maven\repository\org\apache\tomcat\embed\tomcat-embed-core\9.0.39\tomcat-embed-core-9.0.39.jar;D:\apache-maven-3.5.2\maven\repository\org\glassfish\jakarta.el\3.0.3\jakarta.el-3.0.3.jar;D:\apache-maven-3.5.2\maven\repository\org\apache\tomcat\embed\tomcat-embed-websocket\9.0.39\tomcat-embed-websocket-9.0.39.jar;D:\apache-maven-3.5.2\maven\repository\org\springframework\spring-web\5.2.10.RELEASE\spring-web-5.2.10.RELEASE.jar;D:\apache-maven-3.5.2\maven\repository\org\springframework\spring-webmvc\5.2.10.RELEASE\spring-webmvc-5.2.10.RELEASE.jar;D:\apache-maven-3.5.2\maven\repository\org\springframework\spring-expression\5.2.10.RELEASE\spring-expression-5.2.10.RELEASE.jar;D:\apache-maven-3.5.2\maven\repository\org\springframework\boot\spring-boot-starter-test\2.3.5.RELEASE\spring-boot-starter-test-2.3.5.RELEASE.jar;D:\apache-maven-3.5.2\maven\repository\org\springframework\boot\spring-boot-test\2.3.5.RELEASE\spring-boot-test-2.3.5.RELEASE.jar;D:\apache-maven-3.5.2\maven\repository\org\springframework\boot\spring-boot-test-autoconfigure\2.3.5.RELEASE\spring-boot-test-autoconfigure-2.3.5.RELEASE.jar;D:\apache-maven-3.5.2\maven\repository\com\jayway\jsonpath\json-path\2.4.0\json-path-2.4.0.jar;D:\apache-maven-3.5.2\maven\repository\net\minidev\json-smart\2.3\json-smart-2.3.jar;D:\apache-maven-3.5.2\maven\repository\net\minidev\accessors-smart\1.2\accessors-smart-1.2.jar;D:\apache-maven-3.5.2\maven\repository\org\ow2\asm\asm\5.0.4\asm-5.0.4.jar;D:\apache-maven-3.5.2\maven\repository\org\slf4j\slf4j-api\1.7.30\slf4j-api-1.7.30.jar;D:\apache-maven-3.5.2\maven\repository\jakarta\xml\bind\jakarta.xml.bind-api\2.3.3\jakarta.xml.bind-api-2.3.3.jar;D:\apache-maven-3.5.2\maven\repository\jakarta\activation\jakarta.activation-api\1.2.2\jakarta.activation-api-1.2.2.jar;D:\apache-maven-3.5.2\maven\repository\org\assertj\assertj-core\3.16.1\assertj-core-3.16.1.jar;D:\apache-maven-3.5.2\maven\repository\org\hamcrest\hamcrest\2.2\hamcrest-2.2.jar;D:\apache-maven-3.5.2\maven\repository\org\junit\jupiter\junit-jupiter\5.6.3\junit-jupiter-5.6.3.jar;D:\apache-maven-3.5.2\maven\repository\org\junit\jupiter\junit-jupiter-api\5.6.3\junit-jupiter-api-5.6.3.jar;D:\apache-maven-3.5.2\maven\repository\org\opentest4j\opentest4j\1.2.0\opentest4j-1.2.0.jar;D:\apache-maven-3.5.2\maven\repository\org\junit\platform\junit-platform-commons\1.6.3\junit-platform-commons-1.6.3.jar;D:\apache-maven-3.5.2\maven\repository\org\junit\jupiter\junit-jupiter-params\5.6.3\junit-jupiter-params-5.6.3.jar;D:\apache-maven-3.5.2\maven\repository\org\junit\jupiter\junit-jupiter-engine\5.6.3\junit-jupiter-engine-5.6.3.jar;D:\apache-maven-3.5.2\maven\repository\org\junit\vintage\junit-vintage-engine\5.6.3\junit-vintage-engine-5.6.3.jar;D:\apache-maven-3.5.2\maven\repository\org\apiguardian\apiguardian-api\1.1.0\apiguardian-api-1.1.0.jar;D:\apache-maven-3.5.2\maven\repository\org\junit\platform\junit-platform-engine\1.6.3\junit-platform-engine-1.6.3.jar;D:\apache-maven-3.5.2\maven\repository\org\mockito\mockito-core\3.3.3\mockito-core-3.3.3.jar;D:\apache-maven-3.5.2\maven\repository\net\bytebuddy\byte-buddy\1.10.17\byte-buddy-1.10.17.jar;D:\apache-maven-3.5.2\maven\repository\net\bytebuddy\byte-buddy-agent\1.10.17\byte-buddy-agent-1.10.17.jar;D:\apache-maven-3.5.2\maven\repository\org\objenesis\objenesis\2.6\objenesis-2.6.jar;D:\apache-maven-3.5.2\maven\repository\org\mockito\mockito-junit-jupiter\3.3.3\mockito-junit-jupiter-3.3.3.jar;D:\apache-maven-3.5.2\maven\repository\org\skyscreamer\jsonassert\1.5.0\jsonassert-1.5.0.jar;D:\apache-maven-3.5.2\maven\repository\com\vaadin\external\google\android-json\0.0.20131108.vaadin1\android-json-0.0.20131108.vaadin1.jar;D:\apache-maven-3.5.2\maven\repository\org\springframework\spring-test\5.2.10.RELEASE\spring-test-5.2.10.RELEASE.jar;D:\apache-maven-3.5.2\maven\repository\org\xmlunit\xmlunit-core\2.7.0\xmlunit-core-2.7.0.jar;D:\apache-maven-3.5.2\maven\repository\mysql\mysql-connector-java\8.0.15\mysql-connector-java-8.0.15.jar;D:\apache-maven-3.5.2\maven\repository\org\example\mybatis-spring-boot-starter\1.0-SNAPSHOT\mybatis-spring-boot-starter-1.0-SNAPSHOT.jar;D:\apache-maven-3.5.2\maven\repository\dom4j\dom4j\1.6.1\dom4j-1.6.1.jar;D:\apache-maven-3.5.2\maven\repository\xml-apis\xml-apis\1.0.b2\xml-apis-1.0.b2.jar;D:\apache-maven-3.5.2\maven\repository\jaxen\jaxen\1.2.0\jaxen-1.2.0.jar;D:\apache-maven-3.5.2\maven\repository\commons-beanutils\commons-beanutils\1.8.3\commons-beanutils-1.8.3.jar;D:\apache-maven-3.5.2\maven\repository\commons-logging\commons-logging\1.1.1\commons-logging-1.1.1.jar;D:\apache-maven-3.5.2\maven\repository\com\alibaba\fastjson\1.2.75\fastjson-1.2.75.jar;D:\apache-maven-3.5.2\maven\repository\junit\junit\4.12\junit-4.12.jar;D:\apache-maven-3.5.2\maven\repository\org\hamcrest\hamcrest-core\2.2\hamcrest-core-2.2.jar;"/>
    <property name="sun.cpu.endian" value="little"/>
    <property name="user.home" value="C:\Users\admin"/>
    <property name="user.language" value="zh"/>
    <property name="java.specification.vendor" value="Oracle Corporation"/>
    <property name="java.home" value="C:\Program Files\Java\jdk1.8.0_161\jre"/>
    <property name="basedir" value="D:\IdeaWorkspace\middleware\mybatis-spring-boot-starter-test"/>
    <property name="file.separator" value="\"/>
    <property name="line.separator" value="&#10;"/>
    <property name="java.vm.specification.vendor" value="Oracle Corporation"/>
    <property name="java.specification.name" value="Java Platform API Specification"/>
    <property name="java.awt.graphicsenv" value="sun.awt.Win32GraphicsEnvironment"/>
    <property name="surefire.real.class.path" value="C:\Users\admin\AppData\Local\Temp\surefire7278565550175582706\surefirebooter6443970453424158704.jar"/>
    <property name="sun.boot.class.path" value="C:\Program Files\Java\jdk1.8.0_161\jre\lib\resources.jar;C:\Program Files\Java\jdk1.8.0_161\jre\lib\rt.jar;C:\Program Files\Java\jdk1.8.0_161\jre\lib\sunrsasign.jar;C:\Program Files\Java\jdk1.8.0_161\jre\lib\jsse.jar;C:\Program Files\Java\jdk1.8.0_161\jre\lib\jce.jar;C:\Program Files\Java\jdk1.8.0_161\jre\lib\charsets.jar;C:\Program Files\Java\jdk1.8.0_161\jre\lib\jfr.jar;C:\Program Files\Java\jdk1.8.0_161\jre\classes"/>
    <property name="user.script" value=""/>
    <property name="sun.management.compiler" value="HotSpot 64-Bit Tiered Compilers"/>
    <property name="java.runtime.version" value="1.8.0_161-b12"/>
    <property name="user.name" value="admin"/>
    <property name="path.separator" value=";"/>
    <property name="os.version" value="10.0"/>
    <property name="java.endorsed.dirs" value="C:\Program Files\Java\jdk1.8.0_161\jre\lib\endorsed"/>
    <property name="java.runtime.name" value="Java(TM) SE Runtime Environment"/>
    <property name="file.encoding" value="GBK"/>
    <property name="java.vm.name" value="Java HotSpot(TM) 64-Bit Server VM"/>
    <property name="localRepository" value="D:\apache-maven-3.5.2\maven\repository"/>
    <property name="java.vendor.url.bug" value="http://bugreport.sun.com/bugreport/"/>
    <property name="java.io.tmpdir" value="C:\Users\admin\AppData\Local\Temp\"/>
    <property name="idea.version" value="2021.3"/>
    <property name="java.version" value="1.8.0_161"/>
    <property name="user.dir" value="D:\IdeaWorkspace\middleware\mybatis-spring-boot-starter-test"/>
    <property name="os.arch" value="amd64"/>
    <property name="java.vm.specification.name" value="Java Virtual Machine Specification"/>
    <property name="java.awt.printerjob" value="sun.awt.windows.WPrinterJob"/>
    <property name="sun.os.patch.level" value=""/>
    <property name="java.library.path" value="C:\Program Files\Java\jdk1.8.0_161\jre\bin;C:\WINDOWS\Sun\Java\bin;C:\WINDOWS\system32;C:\WINDOWS;C:\ProgramData\Oracle\Java\javapath;C:\WINDOWS\system32;C:\WINDOWS;C:\WINDOWS\System32\Wbem;C:\WINDOWS\System32\WindowsPowerShell\v1.0\;C:\WINDOWS\System32\OpenSSH\;C:\Program Files\Intel\WiFi\bin\;C:\Program Files\Common Files\Intel\WirelessCommon\;C:\Program Files\Java\jdk1.8.0_161\bin;C:\Program Files\Java\jdk1.8.0_161\jre\bin;D:\apache-maven-3.5.2\apache-maven-3.5.2\bin;D:\gitlab\Git\cmd;D:\mysql\mysql-8.0.26-winx64\bin;C:\Users\admin\AppData\Local\Microsoft\WindowsApps;;C:\Users\admin\AppData\Local\Programs\Microsoft VS Code\bin;."/>
    <property name="java.vm.info" value="mixed mode"/>
    <property name="java.vendor" value="Oracle Corporation"/>
    <property name="java.vm.version" value="25.161-b12"/>
    <property name="java.ext.dirs" value="C:\Program Files\Java\jdk1.8.0_161\jre\lib\ext;C:\WINDOWS\Sun\Java\lib\ext"/>
    <property name="sun.io.unicode.encoding" value="UnicodeLittle"/>
    <property name="java.class.version" value="52.0"/>
  </properties>
  <testcase name="test_queryUserInfoById" classname="com.myitem.middleware.mybatis.boot.test.ApiTest" time="0.469"/>
</testsuite>