<?xml version="1.0" encoding="UTF-8"?>
<testsuite xmlns:xsi="http://www.w3.org/2001/XMLSchema-instance" xsi:noNamespaceSchemaLocation="https://maven.apache.org/surefire/maven-surefire-plugin/xsd/surefire-test-report.xsd" name="com.myitem.middleware.mybatis.test.ApiTest" time="1.28" tests="1" errors="0" skipped="0" failures="0">
  <properties>
    <property name="sun.desktop" value="windows"/>
    <property name="awt.toolkit" value="sun.awt.windows.WToolkit"/>
    <property name="file.encoding.pkg" value="sun.io"/>
    <property name="java.specification.version" value="1.8"/>
    <property name="sun.cpu.isalist" value="amd64"/>
    <property name="sun.jnu.encoding" value="GBK"/>
    <property name="java.class.path" value="D:\IdeaWorkspace\middleware\mybatis\target\test-classes;D:\IdeaWorkspace\middleware\mybatis\target\classes;D:\apache-maven-3.5.2\maven\repository\org\springframework\boot\spring-boot-starter\2.3.5.RELEASE\spring-boot-starter-2.3.5.RELEASE.jar;D:\apache-maven-3.5.2\maven\repository\org\springframework\boot\spring-boot\2.3.5.RELEASE\spring-boot-2.3.5.RELEASE.jar;D:\apache-maven-3.5.2\maven\repository\org\springframework\spring-context\5.2.10.RELEASE\spring-context-5.2.10.RELEASE.jar;D:\apache-maven-3.5.2\maven\repository\org\springframework\spring-expression\5.2.10.RELEASE\spring-expression-5.2.10.RELEASE.jar;D:\apache-maven-3.5.2\maven\repository\org\springframework\boot\spring-boot-starter-logging\2.3.5.RELEASE\spring-boot-starter-logging-2.3.5.RELEASE.jar;D:\apache-maven-3.5.2\maven\repository\ch\qos\logback\logback-classic\1.2.3\logback-classic-1.2.3.jar;D:\apache-maven-3.5.2\maven\repository\ch\qos\logback\logback-core\1.2.3\logback-core-1.2.3.jar;D:\apache-maven-3.5.2\maven\repository\org\slf4j\slf4j-api\1.7.30\slf4j-api-1.7.30.jar;D:\apache-maven-3.5.2\maven\repository\org\apache\logging\log4j\log4j-to-slf4j\2.13.3\log4j-to-slf4j-2.13.3.jar;D:\apache-maven-3.5.2\maven\repository\org\apache\logging\log4j\log4j-api\2.13.3\log4j-api-2.13.3.jar;D:\apache-maven-3.5.2\maven\repository\org\slf4j\jul-to-slf4j\1.7.30\jul-to-slf4j-1.7.30.jar;D:\apache-maven-3.5.2\maven\repository\jakarta\annotation\jakarta.annotation-api\1.3.5\jakarta.annotation-api-1.3.5.jar;D:\apache-maven-3.5.2\maven\repository\org\springframework\spring-core\5.2.10.RELEASE\spring-core-5.2.10.RELEASE.jar;D:\apache-maven-3.5.2\maven\repository\org\springframework\spring-jcl\5.2.10.RELEASE\spring-jcl-5.2.10.RELEASE.jar;D:\apache-maven-3.5.2\maven\repository\org\yaml\snakeyaml\1.26\snakeyaml-1.26.jar;D:\apache-maven-3.5.2\maven\repository\org\springframework\boot\spring-boot-configuration-processor\2.3.5.RELEASE\spring-boot-configuration-processor-2.3.5.RELEASE.jar;D:\apache-maven-3.5.2\maven\repository\org\springframework\boot\spring-boot-autoconfigure\2.3.5.RELEASE\spring-boot-autoconfigure-2.3.5.RELEASE.jar;D:\apache-maven-3.5.2\maven\repository\org\springframework\boot\spring-boot-starter-aop\2.3.5.RELEASE\spring-boot-starter-aop-2.3.5.RELEASE.jar;D:\apache-maven-3.5.2\maven\repository\org\springframework\spring-aop\5.2.10.RELEASE\spring-aop-5.2.10.RELEASE.jar;D:\apache-maven-3.5.2\maven\repository\org\springframework\spring-beans\5.2.10.RELEASE\spring-beans-5.2.10.RELEASE.jar;D:\apache-maven-3.5.2\maven\repository\org\aspectj\aspectjweaver\1.9.6\aspectjweaver-1.9.6.jar;D:\apache-maven-3.5.2\maven\repository\mysql\mysql-connector-java\8.0.15\mysql-connector-java-8.0.15.jar;D:\apache-maven-3.5.2\maven\repository\commons-beanutils\commons-beanutils\1.8.3\commons-beanutils-1.8.3.jar;D:\apache-maven-3.5.2\maven\repository\commons-logging\commons-logging\1.1.1\commons-logging-1.1.1.jar;D:\apache-maven-3.5.2\maven\repository\dom4j\dom4j\1.6.1\dom4j-1.6.1.jar;D:\apache-maven-3.5.2\maven\repository\xml-apis\xml-apis\1.0.b2\xml-apis-1.0.b2.jar;D:\apache-maven-3.5.2\maven\repository\jaxen\jaxen\1.1.6\jaxen-1.1.6.jar;D:\apache-maven-3.5.2\maven\repository\com\alibaba\fastjson\1.2.75\fastjson-1.2.75.jar;D:\apache-maven-3.5.2\maven\repository\junit\junit\4.12\junit-4.12.jar;D:\apache-maven-3.5.2\maven\repository\org\hamcrest\hamcrest-core\2.2\hamcrest-core-2.2.jar;D:\apache-maven-3.5.2\maven\repository\org\hamcrest\hamcrest\2.2\hamcrest-2.2.jar;"/>
    <property name="java.vm.vendor" value="Oracle Corporation"/>
    <property name="sun.arch.data.model" value="64"/>
    <property name="user.variant" value=""/>
    <property name="java.vendor.url" value="http://java.oracle.com/"/>
    <property name="user.timezone" value="Asia/Shanghai"/>
    <property name="java.vm.specification.version" value="1.8"/>
    <property name="os.name" value="Windows 10"/>
    <property name="user.country" value="CN"/>
    <property name="sun.java.launcher" value="SUN_STANDARD"/>
    <property name="sun.boot.library.path" value="C:\Program Files\Java\jdk1.8.0_161\jre\bin"/>
    <property name="sun.java.command" value="C:\Users\admin\AppData\Local\Temp\surefire6600172309847372935\surefirebooter921436685660617726.jar C:\Users\admin\AppData\Local\Temp\surefire6600172309847372935 2022-02-23T09-02-38_746-jvmRun1 surefire1424253362298358392tmp surefire_0479074218167945386tmp"/>
    <property name="surefire.test.class.path" value="D:\IdeaWorkspace\middleware\mybatis\target\test-classes;D:\IdeaWorkspace\middleware\mybatis\target\classes;D:\apache-maven-3.5.2\maven\repository\org\springframework\boot\spring-boot-starter\2.3.5.RELEASE\spring-boot-starter-2.3.5.RELEASE.jar;D:\apache-maven-3.5.2\maven\repository\org\springframework\boot\spring-boot\2.3.5.RELEASE\spring-boot-2.3.5.RELEASE.jar;D:\apache-maven-3.5.2\maven\repository\org\springframework\spring-context\5.2.10.RELEASE\spring-context-5.2.10.RELEASE.jar;D:\apache-maven-3.5.2\maven\repository\org\springframework\spring-expression\5.2.10.RELEASE\spring-expression-5.2.10.RELEASE.jar;D:\apache-maven-3.5.2\maven\repository\org\springframework\boot\spring-boot-starter-logging\2.3.5.RELEASE\spring-boot-starter-logging-2.3.5.RELEASE.jar;D:\apache-maven-3.5.2\maven\repository\ch\qos\logback\logback-classic\1.2.3\logback-classic-1.2.3.jar;D:\apache-maven-3.5.2\maven\repository\ch\qos\logback\logback-core\1.2.3\logback-core-1.2.3.jar;D:\apache-maven-3.5.2\maven\repository\org\slf4j\slf4j-api\1.7.30\slf4j-api-1.7.30.jar;D:\apache-maven-3.5.2\maven\repository\org\apache\logging\log4j\log4j-to-slf4j\2.13.3\log4j-to-slf4j-2.13.3.jar;D:\apache-maven-3.5.2\maven\repository\org\apache\logging\log4j\log4j-api\2.13.3\log4j-api-2.13.3.jar;D:\apache-maven-3.5.2\maven\repository\org\slf4j\jul-to-slf4j\1.7.30\jul-to-slf4j-1.7.30.jar;D:\apache-maven-3.5.2\maven\repository\jakarta\annotation\jakarta.annotation-api\1.3.5\jakarta.annotation-api-1.3.5.jar;D:\apache-maven-3.5.2\maven\repository\org\springframework\spring-core\5.2.10.RELEASE\spring-core-5.2.10.RELEASE.jar;D:\apache-maven-3.5.2\maven\repository\org\springframework\spring-jcl\5.2.10.RELEASE\spring-jcl-5.2.10.RELEASE.jar;D:\apache-maven-3.5.2\maven\repository\org\yaml\snakeyaml\1.26\snakeyaml-1.26.jar;D:\apache-maven-3.5.2\maven\repository\org\springframework\boot\spring-boot-configuration-processor\2.3.5.RELEASE\spring-boot-configuration-processor-2.3.5.RELEASE.jar;D:\apache-maven-3.5.2\maven\repository\org\springframework\boot\spring-boot-autoconfigure\2.3.5.RELEASE\spring-boot-autoconfigure-2.3.5.RELEASE.jar;D:\apache-maven-3.5.2\maven\repository\org\springframework\boot\spring-boot-starter-aop\2.3.5.RELEASE\spring-boot-starter-aop-2.3.5.RELEASE.jar;D:\apache-maven-3.5.2\maven\repository\org\springframework\spring-aop\5.2.10.RELEASE\spring-aop-5.2.10.RELEASE.jar;D:\apache-maven-3.5.2\maven\repository\org\springframework\spring-beans\5.2.10.RELEASE\spring-beans-5.2.10.RELEASE.jar;D:\apache-maven-3.5.2\maven\repository\org\aspectj\aspectjweaver\1.9.6\aspectjweaver-1.9.6.jar;D:\apache-maven-3.5.2\maven\repository\mysql\mysql-connector-java\8.0.15\mysql-connector-java-8.0.15.jar;D:\apache-maven-3.5.2\maven\repository\commons-beanutils\commons-beanutils\1.8.3\commons-beanutils-1.8.3.jar;D:\apache-maven-3.5.2\maven\repository\commons-logging\commons-logging\1.1.1\commons-logging-1.1.1.jar;D:\apache-maven-3.5.2\maven\repository\dom4j\dom4j\1.6.1\dom4j-1.6.1.jar;D:\apache-maven-3.5.2\maven\repository\xml-apis\xml-apis\1.0.b2\xml-apis-1.0.b2.jar;D:\apache-maven-3.5.2\maven\repository\jaxen\jaxen\1.1.6\jaxen-1.1.6.jar;D:\apache-maven-3.5.2\maven\repository\com\alibaba\fastjson\1.2.75\fastjson-1.2.75.jar;D:\apache-maven-3.5.2\maven\repository\junit\junit\4.12\junit-4.12.jar;D:\apache-maven-3.5.2\maven\repository\org\hamcrest\hamcrest-core\2.2\hamcrest-core-2.2.jar;D:\apache-maven-3.5.2\maven\repository\org\hamcrest\hamcrest\2.2\hamcrest-2.2.jar;"/>
    <property name="sun.cpu.endian" value="little"/>
    <property name="user.home" value="C:\Users\admin"/>
    <property name="user.language" value="zh"/>
    <property name="java.specification.vendor" value="Oracle Corporation"/>
    <property name="java.home" value="C:\Program Files\Java\jdk1.8.0_161\jre"/>
    <property name="basedir" value="D:\IdeaWorkspace\middleware\mybatis"/>
    <property name="file.separator" value="\"/>
    <property name="line.separator" value="&#10;"/>
    <property name="java.vm.specification.vendor" value="Oracle Corporation"/>
    <property name="java.specification.name" value="Java Platform API Specification"/>
    <property name="java.awt.graphicsenv" value="sun.awt.Win32GraphicsEnvironment"/>
    <property name="surefire.real.class.path" value="C:\Users\admin\AppData\Local\Temp\surefire6600172309847372935\surefirebooter921436685660617726.jar"/>
    <property name="sun.boot.class.path" value="C:\Program Files\Java\jdk1.8.0_161\jre\lib\resources.jar;C:\Program Files\Java\jdk1.8.0_161\jre\lib\rt.jar;C:\Program Files\Java\jdk1.8.0_161\jre\lib\sunrsasign.jar;C:\Program Files\Java\jdk1.8.0_161\jre\lib\jsse.jar;C:\Program Files\Java\jdk1.8.0_161\jre\lib\jce.jar;C:\Program Files\Java\jdk1.8.0_161\jre\lib\charsets.jar;C:\Program Files\Java\jdk1.8.0_161\jre\lib\jfr.jar;C:\Program Files\Java\jdk1.8.0_161\jre\classes"/>
    <property name="user.script" value=""/>
    <property name="sun.management.compiler" value="HotSpot 64-Bit Tiered Compilers"/>
    <property name="java.runtime.version" value="1.8.0_161-b12"/>
    <property name="user.name" value="admin"/>
    <property name="path.separator" value=";"/>
    <property name="os.version" value="10.0"/>
    <property name="java.endorsed.dirs" value="C:\Program Files\Java\jdk1.8.0_161\jre\lib\endorsed"/>
    <property name="java.runtime.name" value="Java(TM) SE Runtime Environment"/>
    <property name="file.encoding" value="GBK"/>
    <property name="java.vm.name" value="Java HotSpot(TM) 64-Bit Server VM"/>
    <property name="localRepository" value="D:\apache-maven-3.5.2\maven\repository"/>
    <property name="java.vendor.url.bug" value="http://bugreport.sun.com/bugreport/"/>
    <property name="java.io.tmpdir" value="C:\Users\admin\AppData\Local\Temp\"/>
    <property name="idea.version" value="2021.3"/>
    <property name="java.version" value="1.8.0_161"/>
    <property name="user.dir" value="D:\IdeaWorkspace\middleware\mybatis"/>
    <property name="os.arch" value="amd64"/>
    <property name="java.vm.specification.name" value="Java Virtual Machine Specification"/>
    <property name="java.awt.printerjob" value="sun.awt.windows.WPrinterJob"/>
    <property name="sun.os.patch.level" value=""/>
    <property name="java.library.path" value="C:\Program Files\Java\jdk1.8.0_161\jre\bin;C:\WINDOWS\Sun\Java\bin;C:\WINDOWS\system32;C:\WINDOWS;C:\ProgramData\Oracle\Java\javapath;C:\WINDOWS\system32;C:\WINDOWS;C:\WINDOWS\System32\Wbem;C:\WINDOWS\System32\WindowsPowerShell\v1.0\;C:\WINDOWS\System32\OpenSSH\;C:\Program Files\Intel\WiFi\bin\;C:\Program Files\Common Files\Intel\WirelessCommon\;C:\Program Files\Java\jdk1.8.0_161\bin;C:\Program Files\Java\jdk1.8.0_161\jre\bin;D:\apache-maven-3.5.2\apache-maven-3.5.2\bin;D:\gitlab\Git\cmd;D:\mysql\mysql-8.0.26-winx64\bin;C:\Users\admin\AppData\Local\Microsoft\WindowsApps;;C:\Users\admin\AppData\Local\Programs\Microsoft VS Code\bin;."/>
    <property name="java.vm.info" value="mixed mode"/>
    <property name="java.vendor" value="Oracle Corporation"/>
    <property name="java.vm.version" value="25.161-b12"/>
    <property name="java.ext.dirs" value="C:\Program Files\Java\jdk1.8.0_161\jre\lib\ext;C:\WINDOWS\Sun\Java\lib\ext"/>
    <property name="sun.io.unicode.encoding" value="UnicodeLittle"/>
    <property name="java.class.version" value="52.0"/>
  </properties>
  <testcase name="test_queryUserInfoById" classname="com.myitem.middleware.mybatis.test.ApiTest" time="1.205"/>
</testsuite>